0 info it worked if it ends with ok
1 verbose cli [ 'C:\\Program Files\\nodejs\\node.exe',
1 verbose cli   'C:\\Program Files\\nodejs\\node_modules\\npm\\bin\\npm-cli.js',
1 verbose cli   'install',
1 verbose cli   '-g',
1 verbose cli   '/encode' ]
2 info using npm@4.0.5
3 info using node@v7.4.0
4 silly loadCurrentTree Starting
5 silly install loadCurrentTree
6 silly install readGlobalPackageData
7 silly fetchPackageMetaData /encode
8 silly fetchOtherPackageData /encode
9 silly cache add args [ '/encode', null ]
10 verbose cache add spec /encode
11 silly cache add parsed spec Result {
11 silly cache add   raw: '/encode',
11 silly cache add   scope: null,
11 silly cache add   escapedName: null,
11 silly cache add   name: null,
11 silly cache add   rawSpec: '/encode',
11 silly cache add   spec: 'C:\\encode',
11 silly cache add   type: 'local' }
12 error addLocal Could not install C:\encode
13 silly fetchPackageMetaData Error: ENOENT: no such file or directory, open 'C:\encode'
13 silly fetchPackageMetaData  error for /encode { Error: ENOENT: no such file or directory, open 'C:\encode'
13 silly fetchPackageMetaData   errno: -4058,
13 silly fetchPackageMetaData   code: 'ENOENT',
13 silly fetchPackageMetaData   syscall: 'open',
13 silly fetchPackageMetaData   path: 'C:\\encode' }
14 silly rollbackFailedOptional Starting
15 verbose stack TypeError: Cannot read property 'path' of null
15 verbose stack     at Installer.rollbackFailedOptional (C:\Program Files\nodejs\node_modules\npm\lib\install.js:505:29)
15 verbose stack     at Array.<anonymous> (C:\Program Files\nodejs\node_modules\npm\node_modules\slide\lib\bind-actor.js:15:8)
15 verbose stack     at LOOP (C:\Program Files\nodejs\node_modules\npm\node_modules\slide\lib\chain.js:15:14)
15 verbose stack     at C:\Program Files\nodejs\node_modules\npm\node_modules\slide\lib\chain.js:18:7
15 verbose stack     at C:\Program Files\nodejs\node_modules\npm\lib\install.js:331:5
15 verbose stack     at Array.<anonymous> (C:\Program Files\nodejs\node_modules\npm\node_modules\slide\lib\bind-actor.js:15:8)
15 verbose stack     at LOOP (C:\Program Files\nodejs\node_modules\npm\node_modules\slide\lib\chain.js:15:14)
15 verbose stack     at chain (C:\Program Files\nodejs\node_modules\npm\node_modules\slide\lib\chain.js:20:5)
15 verbose stack     at C:\Program Files\nodejs\node_modules\npm\lib\install.js:288:5
15 verbose stack     at C:\Program Files\nodejs\node_modules\npm\node_modules\slide\lib\chain.js:16:22
16 verbose cwd C:\Users\Erwin Nzia\Documents\GitHub\Industriel\siteWeb
17 error Windows_NT 10.0.16299
18 error argv "C:\\Program Files\\nodejs\\node.exe" "C:\\Program Files\\nodejs\\node_modules\\npm\\bin\\npm-cli.js" "install" "-g" "/encode"
19 error node v7.4.0
20 error npm  v4.0.5
21 error Cannot read property 'path' of null
22 error If you need help, you may report this error at:
22 error     <https://github.com/npm/npm/issues>
23 verbose exit [ 1, true ]
